<?xml version="1.0" encoding="UTF-8"?>
<testsuite xmlns:xsi="http://www.w3.org/2001/XMLSchema-instance" xsi:noNamespaceSchemaLocation="https://maven.apache.org/surefire/maven-surefire-plugin/xsd/surefire-test-report.xsd" name="edu.northeastern.cs5200.TestSuite" time="12.615" tests="6" errors="3" skipped="0" failures="0">
  <properties>
    <property name="gopherProxySet" value="false"/>
    <property name="awt.toolkit" value="sun.lwawt.macosx.LWCToolkit"/>
    <property name="java.specification.version" value="11"/>
    <property name="sun.cpu.isalist" value=""/>
    <property name="sun.jnu.encoding" value="UTF-8"/>
    <property name="java.class.path" value="/Users/dongqixu/Documents/workspace-sts-3.9.11.RELEASE/cs5200_fall2020_dongqixu_jpa-1/target/test-classes:/Users/dongqixu/Documents/workspace-sts-3.9.11.RELEASE/cs5200_fall2020_dongqixu_jpa-1/target/classes:/Users/dongqixu/.m2/repository/org/springframework/boot/spring-boot-starter-web/2.1.9.RELEASE/spring-boot-starter-web-2.1.9.RELEASE.jar:/Users/dongqixu/.m2/repository/org/springframework/boot/spring-boot-starter/2.1.9.RELEASE/spring-boot-starter-2.1.9.RELEASE.jar:/Users/dongqixu/.m2/repository/org/springframework/boot/spring-boot/2.1.9.RELEASE/spring-boot-2.1.9.RELEASE.jar:/Users/dongqixu/.m2/repository/org/springframework/boot/spring-boot-autoconfigure/2.1.9.RELEASE/spring-boot-autoconfigure-2.1.9.RELEASE.jar:/Users/dongqixu/.m2/repository/org/springframework/boot/spring-boot-starter-logging/2.1.9.RELEASE/spring-boot-starter-logging-2.1.9.RELEASE.jar:/Users/dongqixu/.m2/repository/ch/qos/logback/logback-classic/1.2.3/logback-classic-1.2.3.jar:/Users/dongqixu/.m2/repository/ch/qos/logback/logback-core/1.2.3/logback-core-1.2.3.jar:/Users/dongqixu/.m2/repository/org/apache/logging/log4j/log4j-to-slf4j/2.11.2/log4j-to-slf4j-2.11.2.jar:/Users/dongqixu/.m2/repository/org/apache/logging/log4j/log4j-api/2.11.2/log4j-api-2.11.2.jar:/Users/dongqixu/.m2/repository/org/slf4j/jul-to-slf4j/1.7.28/jul-to-slf4j-1.7.28.jar:/Users/dongqixu/.m2/repository/org/yaml/snakeyaml/1.23/snakeyaml-1.23.jar:/Users/dongqixu/.m2/repository/org/springframework/boot/spring-boot-starter-json/2.1.9.RELEASE/spring-boot-starter-json-2.1.9.RELEASE.jar:/Users/dongqixu/.m2/repository/com/fasterxml/jackson/core/jackson-databind/2.9.9.3/jackson-databind-2.9.9.3.jar:/Users/dongqixu/.m2/repository/com/fasterxml/jackson/core/jackson-annotations/2.9.0/jackson-annotations-2.9.0.jar:/Users/dongqixu/.m2/repository/com/fasterxml/jackson/core/jackson-core/2.9.9/jackson-core-2.9.9.jar:/Users/dongqixu/.m2/repository/com/fasterxml/jackson/datatype/jackson-datatype-jdk8/2.9.9/jackson-datatype-jdk8-2.9.9.jar:/Users/dongqixu/.m2/repository/com/fasterxml/jackson/datatype/jackson-datatype-jsr310/2.9.9/jackson-datatype-jsr310-2.9.9.jar:/Users/dongqixu/.m2/repository/com/fasterxml/jackson/module/jackson-module-parameter-names/2.9.9/jackson-module-parameter-names-2.9.9.jar:/Users/dongqixu/.m2/repository/org/hibernate/validator/hibernate-validator/6.0.17.Final/hibernate-validator-6.0.17.Final.jar:/Users/dongqixu/.m2/repository/javax/validation/validation-api/2.0.1.Final/validation-api-2.0.1.Final.jar:/Users/dongqixu/.m2/repository/org/jboss/logging/jboss-logging/3.3.3.Final/jboss-logging-3.3.3.Final.jar:/Users/dongqixu/.m2/repository/com/fasterxml/classmate/1.4.0/classmate-1.4.0.jar:/Users/dongqixu/.m2/repository/org/springframework/spring-web/5.1.10.RELEASE/spring-web-5.1.10.RELEASE.jar:/Users/dongqixu/.m2/repository/org/springframework/spring-beans/5.1.10.RELEASE/spring-beans-5.1.10.RELEASE.jar:/Users/dongqixu/.m2/repository/org/springframework/spring-webmvc/5.1.10.RELEASE/spring-webmvc-5.1.10.RELEASE.jar:/Users/dongqixu/.m2/repository/org/springframework/spring-aop/5.1.10.RELEASE/spring-aop-5.1.10.RELEASE.jar:/Users/dongqixu/.m2/repository/org/springframework/spring-context/5.1.10.RELEASE/spring-context-5.1.10.RELEASE.jar:/Users/dongqixu/.m2/repository/org/springframework/spring-expression/5.1.10.RELEASE/spring-expression-5.1.10.RELEASE.jar:/Users/dongqixu/.m2/repository/org/springframework/boot/spring-boot-starter-test/2.1.9.RELEASE/spring-boot-starter-test-2.1.9.RELEASE.jar:/Users/dongqixu/.m2/repository/org/springframework/boot/spring-boot-test/2.1.9.RELEASE/spring-boot-test-2.1.9.RELEASE.jar:/Users/dongqixu/.m2/repository/org/springframework/boot/spring-boot-test-autoconfigure/2.1.9.RELEASE/spring-boot-test-autoconfigure-2.1.9.RELEASE.jar:/Users/dongqixu/.m2/repository/com/jayway/jsonpath/json-path/2.4.0/json-path-2.4.0.jar:/Users/dongqixu/.m2/repository/net/minidev/json-smart/2.3/json-smart-2.3.jar:/Users/dongqixu/.m2/repository/net/minidev/accessors-smart/1.2/accessors-smart-1.2.jar:/Users/dongqixu/.m2/repository/org/ow2/asm/asm/5.0.4/asm-5.0.4.jar:/Users/dongqixu/.m2/repository/org/slf4j/slf4j-api/1.7.28/slf4j-api-1.7.28.jar:/Users/dongqixu/.m2/repository/junit/junit/4.12/junit-4.12.jar:/Users/dongqixu/.m2/repository/org/assertj/assertj-core/3.11.1/assertj-core-3.11.1.jar:/Users/dongqixu/.m2/repository/org/mockito/mockito-core/2.23.4/mockito-core-2.23.4.jar:/Users/dongqixu/.m2/repository/net/bytebuddy/byte-buddy/1.9.16/byte-buddy-1.9.16.jar:/Users/dongqixu/.m2/repository/net/bytebuddy/byte-buddy-agent/1.9.16/byte-buddy-agent-1.9.16.jar:/Users/dongqixu/.m2/repository/org/objenesis/objenesis/2.6/objenesis-2.6.jar:/Users/dongqixu/.m2/repository/org/hamcrest/hamcrest-core/1.3/hamcrest-core-1.3.jar:/Users/dongqixu/.m2/repository/org/hamcrest/hamcrest-library/1.3/hamcrest-library-1.3.jar:/Users/dongqixu/.m2/repository/org/skyscreamer/jsonassert/1.5.0/jsonassert-1.5.0.jar:/Users/dongqixu/.m2/repository/com/vaadin/external/google/android-json/0.0.20131108.vaadin1/android-json-0.0.20131108.vaadin1.jar:/Users/dongqixu/.m2/repository/org/springframework/spring-core/5.1.10.RELEASE/spring-core-5.1.10.RELEASE.jar:/Users/dongqixu/.m2/repository/org/springframework/spring-jcl/5.1.10.RELEASE/spring-jcl-5.1.10.RELEASE.jar:/Users/dongqixu/.m2/repository/org/springframework/spring-test/5.1.10.RELEASE/spring-test-5.1.10.RELEASE.jar:/Users/dongqixu/.m2/repository/org/xmlunit/xmlunit-core/2.6.3/xmlunit-core-2.6.3.jar:/Users/dongqixu/.m2/repository/org/springframework/boot/spring-boot-starter-data-jpa/2.1.9.RELEASE/spring-boot-starter-data-jpa-2.1.9.RELEASE.jar:/Users/dongqixu/.m2/repository/org/springframework/boot/spring-boot-starter-aop/2.1.9.RELEASE/spring-boot-starter-aop-2.1.9.RELEASE.jar:/Users/dongqixu/.m2/repository/org/aspectj/aspectjweaver/1.9.4/aspectjweaver-1.9.4.jar:/Users/dongqixu/.m2/repository/org/springframework/boot/spring-boot-starter-jdbc/2.1.9.RELEASE/spring-boot-starter-jdbc-2.1.9.RELEASE.jar:/Users/dongqixu/.m2/repository/com/zaxxer/HikariCP/3.2.0/HikariCP-3.2.0.jar:/Users/dongqixu/.m2/repository/org/springframework/spring-jdbc/5.1.10.RELEASE/spring-jdbc-5.1.10.RELEASE.jar:/Users/dongqixu/.m2/repository/javax/transaction/javax.transaction-api/1.3/javax.transaction-api-1.3.jar:/Users/dongqixu/.m2/repository/javax/xml/bind/jaxb-api/2.3.1/jaxb-api-2.3.1.jar:/Users/dongqixu/.m2/repository/javax/activation/javax.activation-api/1.2.0/javax.activation-api-1.2.0.jar:/Users/dongqixu/.m2/repository/org/hibernate/hibernate-core/5.3.12.Final/hibernate-core-5.3.12.Final.jar:/Users/dongqixu/.m2/repository/javax/persistence/javax.persistence-api/2.2/javax.persistence-api-2.2.jar:/Users/dongqixu/.m2/repository/org/javassist/javassist/3.23.2-GA/javassist-3.23.2-GA.jar:/Users/dongqixu/.m2/repository/antlr/antlr/2.7.7/antlr-2.7.7.jar:/Users/dongqixu/.m2/repository/org/jboss/jandex/2.0.5.Final/jandex-2.0.5.Final.jar:/Users/dongqixu/.m2/repository/org/dom4j/dom4j/2.1.1/dom4j-2.1.1.jar:/Users/dongqixu/.m2/repository/org/hibernate/common/hibernate-commons-annotations/5.0.4.Final/hibernate-commons-annotations-5.0.4.Final.jar:/Users/dongqixu/.m2/repository/org/glassfish/jaxb/jaxb-runtime/2.3.1/jaxb-runtime-2.3.1.jar:/Users/dongqixu/.m2/repository/org/glassfish/jaxb/txw2/2.3.1/txw2-2.3.1.jar:/Users/dongqixu/.m2/repository/com/sun/istack/istack-commons-runtime/3.0.7/istack-commons-runtime-3.0.7.jar:/Users/dongqixu/.m2/repository/org/jvnet/staxex/stax-ex/1.8/stax-ex-1.8.jar:/Users/dongqixu/.m2/repository/com/sun/xml/fastinfoset/FastInfoset/1.2.15/FastInfoset-1.2.15.jar:/Users/dongqixu/.m2/repository/org/springframework/data/spring-data-jpa/2.1.11.RELEASE/spring-data-jpa-2.1.11.RELEASE.jar:/Users/dongqixu/.m2/repository/org/springframework/data/spring-data-commons/2.1.11.RELEASE/spring-data-commons-2.1.11.RELEASE.jar:/Users/dongqixu/.m2/repository/org/springframework/spring-orm/5.1.10.RELEASE/spring-orm-5.1.10.RELEASE.jar:/Users/dongqixu/.m2/repository/org/springframework/spring-tx/5.1.10.RELEASE/spring-tx-5.1.10.RELEASE.jar:/Users/dongqixu/.m2/repository/org/springframework/spring-aspects/5.1.10.RELEASE/spring-aspects-5.1.10.RELEASE.jar:/Users/dongqixu/.m2/repository/mysql/mysql-connector-java/5.1.45/mysql-connector-java-5.1.45.jar:/Users/dongqixu/.m2/repository/org/springframework/boot/spring-boot-starter-tomcat/2.1.9.RELEASE/spring-boot-starter-tomcat-2.1.9.RELEASE.jar:/Users/dongqixu/.m2/repository/javax/annotation/javax.annotation-api/1.3.2/javax.annotation-api-1.3.2.jar:/Users/dongqixu/.m2/repository/org/apache/tomcat/embed/tomcat-embed-core/9.0.26/tomcat-embed-core-9.0.26.jar:/Users/dongqixu/.m2/repository/org/apache/tomcat/embed/tomcat-embed-el/9.0.26/tomcat-embed-el-9.0.26.jar:/Users/dongqixu/.m2/repository/org/apache/tomcat/embed/tomcat-embed-websocket/9.0.26/tomcat-embed-websocket-9.0.26.jar:"/>
    <property name="java.vm.vendor" value="Oracle Corporation"/>
    <property name="sun.arch.data.model" value="64"/>
    <property name="java.vendor.url" value="http://java.oracle.com/"/>
    <property name="user.timezone" value=""/>
    <property name="java.vm.specification.version" value="11"/>
    <property name="os.name" value="Mac OS X"/>
    <property name="sun.java.launcher" value="SUN_STANDARD"/>
    <property name="user.country" value="US"/>
    <property name="sun.boot.library.path" value="/Library/Java/JavaVirtualMachines/jdk-11.0.4.jdk/Contents/Home/lib"/>
    <property name="sun.java.command" value="/Users/dongqixu/Documents/workspace-sts-3.9.11.RELEASE/cs5200_fall2020_dongqixu_jpa-1/target/surefire/surefirebooter13196150231837317918.jar /Users/dongqixu/Documents/workspace-sts-3.9.11.RELEASE/cs5200_fall2020_dongqixu_jpa-1/target/surefire 2020-03-23T22-21-35_482-jvmRun1 surefire7744095638852176300tmp surefire_017221918266435141382tmp"/>
    <property name="http.nonProxyHosts" value="local|*.local|169.254/16|*.169.254/16"/>
    <property name="jdk.debug" value="release"/>
    <property name="surefire.test.class.path" value="/Users/dongqixu/Documents/workspace-sts-3.9.11.RELEASE/cs5200_fall2020_dongqixu_jpa-1/target/test-classes:/Users/dongqixu/Documents/workspace-sts-3.9.11.RELEASE/cs5200_fall2020_dongqixu_jpa-1/target/classes:/Users/dongqixu/.m2/repository/org/springframework/boot/spring-boot-starter-web/2.1.9.RELEASE/spring-boot-starter-web-2.1.9.RELEASE.jar:/Users/dongqixu/.m2/repository/org/springframework/boot/spring-boot-starter/2.1.9.RELEASE/spring-boot-starter-2.1.9.RELEASE.jar:/Users/dongqixu/.m2/repository/org/springframework/boot/spring-boot/2.1.9.RELEASE/spring-boot-2.1.9.RELEASE.jar:/Users/dongqixu/.m2/repository/org/springframework/boot/spring-boot-autoconfigure/2.1.9.RELEASE/spring-boot-autoconfigure-2.1.9.RELEASE.jar:/Users/dongqixu/.m2/repository/org/springframework/boot/spring-boot-starter-logging/2.1.9.RELEASE/spring-boot-starter-logging-2.1.9.RELEASE.jar:/Users/dongqixu/.m2/repository/ch/qos/logback/logback-classic/1.2.3/logback-classic-1.2.3.jar:/Users/dongqixu/.m2/repository/ch/qos/logback/logback-core/1.2.3/logback-core-1.2.3.jar:/Users/dongqixu/.m2/repository/org/apache/logging/log4j/log4j-to-slf4j/2.11.2/log4j-to-slf4j-2.11.2.jar:/Users/dongqixu/.m2/repository/org/apache/logging/log4j/log4j-api/2.11.2/log4j-api-2.11.2.jar:/Users/dongqixu/.m2/repository/org/slf4j/jul-to-slf4j/1.7.28/jul-to-slf4j-1.7.28.jar:/Users/dongqixu/.m2/repository/org/yaml/snakeyaml/1.23/snakeyaml-1.23.jar:/Users/dongqixu/.m2/repository/org/springframework/boot/spring-boot-starter-json/2.1.9.RELEASE/spring-boot-starter-json-2.1.9.RELEASE.jar:/Users/dongqixu/.m2/repository/com/fasterxml/jackson/core/jackson-databind/2.9.9.3/jackson-databind-2.9.9.3.jar:/Users/dongqixu/.m2/repository/com/fasterxml/jackson/core/jackson-annotations/2.9.0/jackson-annotations-2.9.0.jar:/Users/dongqixu/.m2/repository/com/fasterxml/jackson/core/jackson-core/2.9.9/jackson-core-2.9.9.jar:/Users/dongqixu/.m2/repository/com/fasterxml/jackson/datatype/jackson-datatype-jdk8/2.9.9/jackson-datatype-jdk8-2.9.9.jar:/Users/dongqixu/.m2/repository/com/fasterxml/jackson/datatype/jackson-datatype-jsr310/2.9.9/jackson-datatype-jsr310-2.9.9.jar:/Users/dongqixu/.m2/repository/com/fasterxml/jackson/module/jackson-module-parameter-names/2.9.9/jackson-module-parameter-names-2.9.9.jar:/Users/dongqixu/.m2/repository/org/hibernate/validator/hibernate-validator/6.0.17.Final/hibernate-validator-6.0.17.Final.jar:/Users/dongqixu/.m2/repository/javax/validation/validation-api/2.0.1.Final/validation-api-2.0.1.Final.jar:/Users/dongqixu/.m2/repository/org/jboss/logging/jboss-logging/3.3.3.Final/jboss-logging-3.3.3.Final.jar:/Users/dongqixu/.m2/repository/com/fasterxml/classmate/1.4.0/classmate-1.4.0.jar:/Users/dongqixu/.m2/repository/org/springframework/spring-web/5.1.10.RELEASE/spring-web-5.1.10.RELEASE.jar:/Users/dongqixu/.m2/repository/org/springframework/spring-beans/5.1.10.RELEASE/spring-beans-5.1.10.RELEASE.jar:/Users/dongqixu/.m2/repository/org/springframework/spring-webmvc/5.1.10.RELEASE/spring-webmvc-5.1.10.RELEASE.jar:/Users/dongqixu/.m2/repository/org/springframework/spring-aop/5.1.10.RELEASE/spring-aop-5.1.10.RELEASE.jar:/Users/dongqixu/.m2/repository/org/springframework/spring-context/5.1.10.RELEASE/spring-context-5.1.10.RELEASE.jar:/Users/dongqixu/.m2/repository/org/springframework/spring-expression/5.1.10.RELEASE/spring-expression-5.1.10.RELEASE.jar:/Users/dongqixu/.m2/repository/org/springframework/boot/spring-boot-starter-test/2.1.9.RELEASE/spring-boot-starter-test-2.1.9.RELEASE.jar:/Users/dongqixu/.m2/repository/org/springframework/boot/spring-boot-test/2.1.9.RELEASE/spring-boot-test-2.1.9.RELEASE.jar:/Users/dongqixu/.m2/repository/org/springframework/boot/spring-boot-test-autoconfigure/2.1.9.RELEASE/spring-boot-test-autoconfigure-2.1.9.RELEASE.jar:/Users/dongqixu/.m2/repository/com/jayway/jsonpath/json-path/2.4.0/json-path-2.4.0.jar:/Users/dongqixu/.m2/repository/net/minidev/json-smart/2.3/json-smart-2.3.jar:/Users/dongqixu/.m2/repository/net/minidev/accessors-smart/1.2/accessors-smart-1.2.jar:/Users/dongqixu/.m2/repository/org/ow2/asm/asm/5.0.4/asm-5.0.4.jar:/Users/dongqixu/.m2/repository/org/slf4j/slf4j-api/1.7.28/slf4j-api-1.7.28.jar:/Users/dongqixu/.m2/repository/junit/junit/4.12/junit-4.12.jar:/Users/dongqixu/.m2/repository/org/assertj/assertj-core/3.11.1/assertj-core-3.11.1.jar:/Users/dongqixu/.m2/repository/org/mockito/mockito-core/2.23.4/mockito-core-2.23.4.jar:/Users/dongqixu/.m2/repository/net/bytebuddy/byte-buddy/1.9.16/byte-buddy-1.9.16.jar:/Users/dongqixu/.m2/repository/net/bytebuddy/byte-buddy-agent/1.9.16/byte-buddy-agent-1.9.16.jar:/Users/dongqixu/.m2/repository/org/objenesis/objenesis/2.6/objenesis-2.6.jar:/Users/dongqixu/.m2/repository/org/hamcrest/hamcrest-core/1.3/hamcrest-core-1.3.jar:/Users/dongqixu/.m2/repository/org/hamcrest/hamcrest-library/1.3/hamcrest-library-1.3.jar:/Users/dongqixu/.m2/repository/org/skyscreamer/jsonassert/1.5.0/jsonassert-1.5.0.jar:/Users/dongqixu/.m2/repository/com/vaadin/external/google/android-json/0.0.20131108.vaadin1/android-json-0.0.20131108.vaadin1.jar:/Users/dongqixu/.m2/repository/org/springframework/spring-core/5.1.10.RELEASE/spring-core-5.1.10.RELEASE.jar:/Users/dongqixu/.m2/repository/org/springframework/spring-jcl/5.1.10.RELEASE/spring-jcl-5.1.10.RELEASE.jar:/Users/dongqixu/.m2/repository/org/springframework/spring-test/5.1.10.RELEASE/spring-test-5.1.10.RELEASE.jar:/Users/dongqixu/.m2/repository/org/xmlunit/xmlunit-core/2.6.3/xmlunit-core-2.6.3.jar:/Users/dongqixu/.m2/repository/org/springframework/boot/spring-boot-starter-data-jpa/2.1.9.RELEASE/spring-boot-starter-data-jpa-2.1.9.RELEASE.jar:/Users/dongqixu/.m2/repository/org/springframework/boot/spring-boot-starter-aop/2.1.9.RELEASE/spring-boot-starter-aop-2.1.9.RELEASE.jar:/Users/dongqixu/.m2/repository/org/aspectj/aspectjweaver/1.9.4/aspectjweaver-1.9.4.jar:/Users/dongqixu/.m2/repository/org/springframework/boot/spring-boot-starter-jdbc/2.1.9.RELEASE/spring-boot-starter-jdbc-2.1.9.RELEASE.jar:/Users/dongqixu/.m2/repository/com/zaxxer/HikariCP/3.2.0/HikariCP-3.2.0.jar:/Users/dongqixu/.m2/repository/org/springframework/spring-jdbc/5.1.10.RELEASE/spring-jdbc-5.1.10.RELEASE.jar:/Users/dongqixu/.m2/repository/javax/transaction/javax.transaction-api/1.3/javax.transaction-api-1.3.jar:/Users/dongqixu/.m2/repository/javax/xml/bind/jaxb-api/2.3.1/jaxb-api-2.3.1.jar:/Users/dongqixu/.m2/repository/javax/activation/javax.activation-api/1.2.0/javax.activation-api-1.2.0.jar:/Users/dongqixu/.m2/repository/org/hibernate/hibernate-core/5.3.12.Final/hibernate-core-5.3.12.Final.jar:/Users/dongqixu/.m2/repository/javax/persistence/javax.persistence-api/2.2/javax.persistence-api-2.2.jar:/Users/dongqixu/.m2/repository/org/javassist/javassist/3.23.2-GA/javassist-3.23.2-GA.jar:/Users/dongqixu/.m2/repository/antlr/antlr/2.7.7/antlr-2.7.7.jar:/Users/dongqixu/.m2/repository/org/jboss/jandex/2.0.5.Final/jandex-2.0.5.Final.jar:/Users/dongqixu/.m2/repository/org/dom4j/dom4j/2.1.1/dom4j-2.1.1.jar:/Users/dongqixu/.m2/repository/org/hibernate/common/hibernate-commons-annotations/5.0.4.Final/hibernate-commons-annotations-5.0.4.Final.jar:/Users/dongqixu/.m2/repository/org/glassfish/jaxb/jaxb-runtime/2.3.1/jaxb-runtime-2.3.1.jar:/Users/dongqixu/.m2/repository/org/glassfish/jaxb/txw2/2.3.1/txw2-2.3.1.jar:/Users/dongqixu/.m2/repository/com/sun/istack/istack-commons-runtime/3.0.7/istack-commons-runtime-3.0.7.jar:/Users/dongqixu/.m2/repository/org/jvnet/staxex/stax-ex/1.8/stax-ex-1.8.jar:/Users/dongqixu/.m2/repository/com/sun/xml/fastinfoset/FastInfoset/1.2.15/FastInfoset-1.2.15.jar:/Users/dongqixu/.m2/repository/org/springframework/data/spring-data-jpa/2.1.11.RELEASE/spring-data-jpa-2.1.11.RELEASE.jar:/Users/dongqixu/.m2/repository/org/springframework/data/spring-data-commons/2.1.11.RELEASE/spring-data-commons-2.1.11.RELEASE.jar:/Users/dongqixu/.m2/repository/org/springframework/spring-orm/5.1.10.RELEASE/spring-orm-5.1.10.RELEASE.jar:/Users/dongqixu/.m2/repository/org/springframework/spring-tx/5.1.10.RELEASE/spring-tx-5.1.10.RELEASE.jar:/Users/dongqixu/.m2/repository/org/springframework/spring-aspects/5.1.10.RELEASE/spring-aspects-5.1.10.RELEASE.jar:/Users/dongqixu/.m2/repository/mysql/mysql-connector-java/5.1.45/mysql-connector-java-5.1.45.jar:/Users/dongqixu/.m2/repository/org/springframework/boot/spring-boot-starter-tomcat/2.1.9.RELEASE/spring-boot-starter-tomcat-2.1.9.RELEASE.jar:/Users/dongqixu/.m2/repository/javax/annotation/javax.annotation-api/1.3.2/javax.annotation-api-1.3.2.jar:/Users/dongqixu/.m2/repository/org/apache/tomcat/embed/tomcat-embed-core/9.0.26/tomcat-embed-core-9.0.26.jar:/Users/dongqixu/.m2/repository/org/apache/tomcat/embed/tomcat-embed-el/9.0.26/tomcat-embed-el-9.0.26.jar:/Users/dongqixu/.m2/repository/org/apache/tomcat/embed/tomcat-embed-websocket/9.0.26/tomcat-embed-websocket-9.0.26.jar:"/>
    <property name="sun.cpu.endian" value="little"/>
    <property name="user.home" value="/Users/dongqixu"/>
    <property name="user.language" value="zh"/>
    <property name="java.specification.vendor" value="Oracle Corporation"/>
    <property name="java.version.date" value="2019-07-16"/>
    <property name="java.home" value="/Library/Java/JavaVirtualMachines/jdk-11.0.4.jdk/Contents/Home"/>
    <property name="file.separator" value="/"/>
    <property name="basedir" value="/Users/dongqixu/Documents/workspace-sts-3.9.11.RELEASE/cs5200_fall2020_dongqixu_jpa-1"/>
    <property name="java.vm.compressedOopsMode" value="Zero based"/>
    <property name="line.separator" value="&#10;"/>
    <property name="java.specification.name" value="Java Platform API Specification"/>
    <property name="java.vm.specification.vendor" value="Oracle Corporation"/>
    <property name="java.awt.graphicsenv" value="sun.awt.CGraphicsEnvironment"/>
    <property name="surefire.real.class.path" value="/Users/dongqixu/Documents/workspace-sts-3.9.11.RELEASE/cs5200_fall2020_dongqixu_jpa-1/target/surefire/surefirebooter13196150231837317918.jar"/>
    <property name="user.script" value="Hans"/>
    <property name="sun.management.compiler" value="HotSpot 64-Bit Tiered Compilers"/>
    <property name="ftp.nonProxyHosts" value="local|*.local|169.254/16|*.169.254/16"/>
    <property name="java.runtime.version" value="11.0.4+10-LTS"/>
    <property name="user.name" value="dongqixu"/>
    <property name="path.separator" value=":"/>
    <property name="os.version" value="10.15.3"/>
    <property name="java.runtime.name" value="Java(TM) SE Runtime Environment"/>
    <property name="file.encoding" value="UTF-8"/>
    <property name="java.vm.name" value="Java HotSpot(TM) 64-Bit Server VM"/>
    <property name="java.vendor.version" value="18.9"/>
    <property name="localRepository" value="/Users/dongqixu/.m2/repository"/>
    <property name="java.vendor.url.bug" value="http://bugreport.java.com/bugreport/"/>
    <property name="java.io.tmpdir" value="/var/folders/vk/td70szdn1z3g_svkxkby40r80000gn/T/"/>
    <property name="java.version" value="11.0.4"/>
    <property name="user.dir" value="/Users/dongqixu/Documents/workspace-sts-3.9.11.RELEASE/cs5200_fall2020_dongqixu_jpa-1"/>
    <property name="os.arch" value="x86_64"/>
    <property name="java.vm.specification.name" value="Java Virtual Machine Specification"/>
    <property name="java.awt.printerjob" value="sun.lwawt.macosx.CPrinterJob"/>
    <property name="sun.os.patch.level" value="unknown"/>
    <property name="java.library.path" value="/Users/dongqixu/Library/Java/Extensions:/Library/Java/Extensions:/Network/Library/Java/Extensions:/System/Library/Java/Extensions:/usr/lib/java:."/>
    <property name="java.vendor" value="Oracle Corporation"/>
    <property name="java.vm.info" value="mixed mode"/>
    <property name="java.vm.version" value="11.0.4+10-LTS"/>
    <property name="sun.io.unicode.encoding" value="UnicodeBig"/>
    <property name="java.class.version" value="55.0"/>
    <property name="socksNonProxyHosts" value="local|*.local|169.254/16|*.169.254/16"/>
  </properties>
  <testcase name="A_truncateDatabase" classname="edu.northeastern.cs5200.TestSuite" time="1.445"/>
  <testcase name="B_createFaculty" classname="edu.northeastern.cs5200.TestSuite" time="0.9"/>
  <testcase name="C_createStudent" classname="edu.northeastern.cs5200.TestSuite" time="1.65"/>
  <testcase name="D_createCourse" classname="edu.northeastern.cs5200.TestSuite" time="1.061">
    <error type="java.lang.NullPointerException">java.lang.NullPointerException
	at edu.northeastern.cs5200.TestSuite.D_createCourse(TestSuite.java:66)
</error>
    <system-out><![CDATA[Hibernate: 
    /* select
        generatedAlias0 
    from
        Enrollment as generatedAlias0 */ select
            enrollment0_.id as id1_1_,
            enrollment0_.feedback as feedback2_1_,
            enrollment0_.grade as grade3_1_,
            enrollment0_.section_id as section_4_1_,
            enrollment0_.student_id as student_5_1_ 
        from
            enrollment enrollment0_
Hibernate: 
    /* select
        generatedAlias0 
    from
        Section as generatedAlias0 */ select
            section0_.id as id2_0_,
            section0_.author_id as author_i6_0_,
            section0_.label as label3_0_,
            section0_.course_id as course_i7_0_,
            section0_.seats as seats4_0_,
            section0_.title as title5_0_ 
        from
            course section0_ 
        where
            section0_.dtype='Section'
Hibernate: 
    /* select
        generatedAlias0 
    from
        Course as generatedAlias0 */ select
            course0_.id as id2_0_,
            course0_.author_id as author_i6_0_,
            course0_.label as label3_0_,
            course0_.course_id as course_i7_0_,
            course0_.seats as seats4_0_,
            course0_.title as title5_0_,
            course0_.dtype as dtype1_0_ 
        from
            course course0_
Hibernate: 
    /* select
        generatedAlias0 
    from
        Faculty as generatedAlias0 */ select
            faculty0_.id as id2_2_,
            faculty0_.first_name as first_na3_2_,
            faculty0_.last_name as last_nam4_2_,
            faculty0_.password as password5_2_,
            faculty0_.username as username6_2_,
            faculty0_.office as office7_2_,
            faculty0_.tenured as tenured8_2_ 
        from
            person faculty0_ 
        where
            faculty0_.dtype='Faculty'
Hibernate: 
    /* select
        generatedAlias0 
    from
        Student as generatedAlias0 */ select
            student0_.id as id2_2_,
            student0_.first_name as first_na3_2_,
            student0_.last_name as last_nam4_2_,
            student0_.password as password5_2_,
            student0_.username as username6_2_,
            student0_.grad_year as grad_yea9_2_,
            student0_.scholarship as scholar10_2_ 
        from
            person student0_ 
        where
            student0_.dtype='Student'
Hibernate: 
    /* delete edu.northeastern.cs5200.models.Student */ delete 
        from
            person 
        where
            id=?
Hibernate: 
    /* delete edu.northeastern.cs5200.models.Student */ delete 
        from
            person 
        where
            id=?
Hibernate: 
    /* delete edu.northeastern.cs5200.models.Student */ delete 
        from
            person 
        where
            id=?
Hibernate: 
    /* delete edu.northeastern.cs5200.models.Student */ delete 
        from
            person 
        where
            id=?
Hibernate: 
    /* delete edu.northeastern.cs5200.models.Student */ delete 
        from
            person 
        where
            id=?
Hibernate: 
    /* delete edu.northeastern.cs5200.models.Student */ delete 
        from
            person 
        where
            id=?
Hibernate: 
    /* delete edu.northeastern.cs5200.models.Student */ delete 
        from
            person 
        where
            id=?
Hibernate: 
    /* select
        generatedAlias0 
    from
        Person as generatedAlias0 */ select
            person0_.id as id2_2_,
            person0_.first_name as first_na3_2_,
            person0_.last_name as last_nam4_2_,
            person0_.password as password5_2_,
            person0_.username as username6_2_,
            person0_.office as office7_2_,
            person0_.tenured as tenured8_2_,
            person0_.grad_year as grad_yea9_2_,
            person0_.scholarship as scholar10_2_,
            person0_.dtype as dtype1_2_ 
        from
            person person0_
Hibernate: 
    /* SELECT
        p 
    FROM
        Person p 
    WHERE
        p.username=:username  */ select
            person0_.id as id2_2_,
            person0_.first_name as first_na3_2_,
            person0_.last_name as last_nam4_2_,
            person0_.password as password5_2_,
            person0_.username as username6_2_,
            person0_.office as office7_2_,
            person0_.tenured as tenured8_2_,
            person0_.grad_year as grad_yea9_2_,
            person0_.scholarship as scholar10_2_,
            person0_.dtype as dtype1_2_ 
        from
            person person0_ 
        where
            person0_.username=?
Hibernate: 
    /* SELECT
        p 
    FROM
        Person p 
    WHERE
        p.username=:username  */ select
            person0_.id as id2_2_,
            person0_.first_name as first_na3_2_,
            person0_.last_name as last_nam4_2_,
            person0_.password as password5_2_,
            person0_.username as username6_2_,
            person0_.office as office7_2_,
            person0_.tenured as tenured8_2_,
            person0_.grad_year as grad_yea9_2_,
            person0_.scholarship as scholar10_2_,
            person0_.dtype as dtype1_2_ 
        from
            person person0_ 
        where
            person0_.username=?
Hibernate: 
    /* insert edu.northeastern.cs5200.models.Course
        */ insert 
        into
            course
            (author_id, label, dtype) 
        values
            (?, ?, 'Course')
]]></system-out>
  </testcase>
  <testcase name="E_createSection" classname="edu.northeastern.cs5200.TestSuite" time="0.875">
    <error type="java.lang.NullPointerException">java.lang.NullPointerException
	at edu.northeastern.cs5200.TestSuite.E_createSection(TestSuite.java:91)
</error>
    <system-out><![CDATA[Hibernate: 
    /* select
        generatedAlias0 
    from
        Enrollment as generatedAlias0 */ select
            enrollment0_.id as id1_1_,
            enrollment0_.feedback as feedback2_1_,
            enrollment0_.grade as grade3_1_,
            enrollment0_.section_id as section_4_1_,
            enrollment0_.student_id as student_5_1_ 
        from
            enrollment enrollment0_
Hibernate: 
    /* select
        generatedAlias0 
    from
        Section as generatedAlias0 */ select
            section0_.id as id2_0_,
            section0_.author_id as author_i6_0_,
            section0_.label as label3_0_,
            section0_.course_id as course_i7_0_,
            section0_.seats as seats4_0_,
            section0_.title as title5_0_ 
        from
            course section0_ 
        where
            section0_.dtype='Section'
Hibernate: 
    /* select
        generatedAlias0 
    from
        Course as generatedAlias0 */ select
            course0_.id as id2_0_,
            course0_.author_id as author_i6_0_,
            course0_.label as label3_0_,
            course0_.course_id as course_i7_0_,
            course0_.seats as seats4_0_,
            course0_.title as title5_0_,
            course0_.dtype as dtype1_0_ 
        from
            course course0_
Hibernate: 
    select
        section0_.course_id as course_i7_0_0_,
        section0_.id as id2_0_0_,
        section0_.id as id2_0_1_,
        section0_.author_id as author_i6_0_1_,
        section0_.label as label3_0_1_,
        section0_.course_id as course_i7_0_1_,
        section0_.seats as seats4_0_1_,
        section0_.title as title5_0_1_,
        faculty1_.id as id2_2_2_,
        faculty1_.first_name as first_na3_2_2_,
        faculty1_.last_name as last_nam4_2_2_,
        faculty1_.password as password5_2_2_,
        faculty1_.username as username6_2_2_,
        faculty1_.office as office7_2_2_,
        faculty1_.tenured as tenured8_2_2_ 
    from
        course section0_ 
    left outer join
        person faculty1_ 
            on section0_.author_id=faculty1_.id 
    where
        section0_.course_id=?
Hibernate: 
    /* delete edu.northeastern.cs5200.models.Course */ delete 
        from
            course 
        where
            id=?
Hibernate: 
    /* select
        generatedAlias0 
    from
        Faculty as generatedAlias0 */ select
            faculty0_.id as id2_2_,
            faculty0_.first_name as first_na3_2_,
            faculty0_.last_name as last_nam4_2_,
            faculty0_.password as password5_2_,
            faculty0_.username as username6_2_,
            faculty0_.office as office7_2_,
            faculty0_.tenured as tenured8_2_ 
        from
            person faculty0_ 
        where
            faculty0_.dtype='Faculty'
Hibernate: 
    /* select
        generatedAlias0 
    from
        Student as generatedAlias0 */ select
            student0_.id as id2_2_,
            student0_.first_name as first_na3_2_,
            student0_.last_name as last_nam4_2_,
            student0_.password as password5_2_,
            student0_.username as username6_2_,
            student0_.grad_year as grad_yea9_2_,
            student0_.scholarship as scholar10_2_ 
        from
            person student0_ 
        where
            student0_.dtype='Student'
Hibernate: 
    /* select
        generatedAlias0 
    from
        Person as generatedAlias0 */ select
            person0_.id as id2_2_,
            person0_.first_name as first_na3_2_,
            person0_.last_name as last_nam4_2_,
            person0_.password as password5_2_,
            person0_.username as username6_2_,
            person0_.office as office7_2_,
            person0_.tenured as tenured8_2_,
            person0_.grad_year as grad_yea9_2_,
            person0_.scholarship as scholar10_2_,
            person0_.dtype as dtype1_2_ 
        from
            person person0_
Hibernate: 
    /* SELECT
        c 
    FROM
        Course c 
    Where
        c.label=:label */ select
            course0_.id as id2_0_,
            course0_.author_id as author_i6_0_,
            course0_.label as label3_0_,
            course0_.course_id as course_i7_0_,
            course0_.seats as seats4_0_,
            course0_.title as title5_0_,
            course0_.dtype as dtype1_0_ 
        from
            course course0_ 
        where
            course0_.label=?
Hibernate: 
    /* SELECT
        c 
    FROM
        Course c 
    Where
        c.label=:label */ select
            course0_.id as id2_0_,
            course0_.author_id as author_i6_0_,
            course0_.label as label3_0_,
            course0_.course_id as course_i7_0_,
            course0_.seats as seats4_0_,
            course0_.title as title5_0_,
            course0_.dtype as dtype1_0_ 
        from
            course course0_ 
        where
            course0_.label=?
Hibernate: 
    /* SELECT
        c 
    FROM
        Course c 
    Where
        c.label=:label */ select
            course0_.id as id2_0_,
            course0_.author_id as author_i6_0_,
            course0_.label as label3_0_,
            course0_.course_id as course_i7_0_,
            course0_.seats as seats4_0_,
            course0_.title as title5_0_,
            course0_.dtype as dtype1_0_ 
        from
            course course0_ 
        where
            course0_.label=?
Hibernate: 
    /* insert edu.northeastern.cs5200.models.Section
        */ insert 
        into
            course
            (author_id, label, course_id, seats, title, dtype) 
        values
            (?, ?, ?, ?, ?, 'Section')
]]></system-out>
  </testcase>
  <testcase name="F_enrollStudentInSection" classname="edu.northeastern.cs5200.TestSuite" time="0.862">
    <error type="java.lang.NullPointerException">java.lang.NullPointerException
	at edu.northeastern.cs5200.TestSuite.F_enrollStudentInSection(TestSuite.java:118)
</error>
    <system-out><![CDATA[Hibernate: 
    /* select
        generatedAlias0 
    from
        Enrollment as generatedAlias0 */ select
            enrollment0_.id as id1_1_,
            enrollment0_.feedback as feedback2_1_,
            enrollment0_.grade as grade3_1_,
            enrollment0_.section_id as section_4_1_,
            enrollment0_.student_id as student_5_1_ 
        from
            enrollment enrollment0_
Hibernate: 
    /* select
        generatedAlias0 
    from
        Section as generatedAlias0 */ select
            section0_.id as id2_0_,
            section0_.author_id as author_i6_0_,
            section0_.label as label3_0_,
            section0_.course_id as course_i7_0_,
            section0_.seats as seats4_0_,
            section0_.title as title5_0_ 
        from
            course section0_ 
        where
            section0_.dtype='Section'
Hibernate: 
    select
        section0_.course_id as course_i7_0_0_,
        section0_.id as id2_0_0_,
        section0_.id as id2_0_1_,
        section0_.author_id as author_i6_0_1_,
        section0_.label as label3_0_1_,
        section0_.course_id as course_i7_0_1_,
        section0_.seats as seats4_0_1_,
        section0_.title as title5_0_1_,
        faculty1_.id as id2_2_2_,
        faculty1_.first_name as first_na3_2_2_,
        faculty1_.last_name as last_nam4_2_2_,
        faculty1_.password as password5_2_2_,
        faculty1_.username as username6_2_2_,
        faculty1_.office as office7_2_2_,
        faculty1_.tenured as tenured8_2_2_ 
    from
        course section0_ 
    left outer join
        person faculty1_ 
            on section0_.author_id=faculty1_.id 
    where
        section0_.course_id=?
Hibernate: 
    /* delete edu.northeastern.cs5200.models.Section */ delete 
        from
            course 
        where
            id=?
Hibernate: 
    /* select
        generatedAlias0 
    from
        Course as generatedAlias0 */ select
            course0_.id as id2_0_,
            course0_.author_id as author_i6_0_,
            course0_.label as label3_0_,
            course0_.course_id as course_i7_0_,
            course0_.seats as seats4_0_,
            course0_.title as title5_0_,
            course0_.dtype as dtype1_0_ 
        from
            course course0_
Hibernate: 
    /* select
        generatedAlias0 
    from
        Faculty as generatedAlias0 */ select
            faculty0_.id as id2_2_,
            faculty0_.first_name as first_na3_2_,
            faculty0_.last_name as last_nam4_2_,
            faculty0_.password as password5_2_,
            faculty0_.username as username6_2_,
            faculty0_.office as office7_2_,
            faculty0_.tenured as tenured8_2_ 
        from
            person faculty0_ 
        where
            faculty0_.dtype='Faculty'
Hibernate: 
    /* select
        generatedAlias0 
    from
        Student as generatedAlias0 */ select
            student0_.id as id2_2_,
            student0_.first_name as first_na3_2_,
            student0_.last_name as last_nam4_2_,
            student0_.password as password5_2_,
            student0_.username as username6_2_,
            student0_.grad_year as grad_yea9_2_,
            student0_.scholarship as scholar10_2_ 
        from
            person student0_ 
        where
            student0_.dtype='Student'
Hibernate: 
    /* select
        generatedAlias0 
    from
        Person as generatedAlias0 */ select
            person0_.id as id2_2_,
            person0_.first_name as first_na3_2_,
            person0_.last_name as last_nam4_2_,
            person0_.password as password5_2_,
            person0_.username as username6_2_,
            person0_.office as office7_2_,
            person0_.tenured as tenured8_2_,
            person0_.grad_year as grad_yea9_2_,
            person0_.scholarship as scholar10_2_,
            person0_.dtype as dtype1_2_ 
        from
            person person0_
Hibernate: 
    /* SELECT
        s 
    FROM
        Student s 
    Where
        s.username=:username */ select
            student0_.id as id2_2_,
            student0_.first_name as first_na3_2_,
            student0_.last_name as last_nam4_2_,
            student0_.password as password5_2_,
            student0_.username as username6_2_,
            student0_.grad_year as grad_yea9_2_,
            student0_.scholarship as scholar10_2_ 
        from
            person student0_ 
        where
            student0_.dtype='Student' 
            and student0_.username=?
Hibernate: 
    /* SELECT
        s 
    FROM
        Student s 
    Where
        s.username=:username */ select
            student0_.id as id2_2_,
            student0_.first_name as first_na3_2_,
            student0_.last_name as last_nam4_2_,
            student0_.password as password5_2_,
            student0_.username as username6_2_,
            student0_.grad_year as grad_yea9_2_,
            student0_.scholarship as scholar10_2_ 
        from
            person student0_ 
        where
            student0_.dtype='Student' 
            and student0_.username=?
Hibernate: 
    /* SELECT
        s 
    FROM
        Student s 
    Where
        s.username=:username */ select
            student0_.id as id2_2_,
            student0_.first_name as first_na3_2_,
            student0_.last_name as last_nam4_2_,
            student0_.password as password5_2_,
            student0_.username as username6_2_,
            student0_.grad_year as grad_yea9_2_,
            student0_.scholarship as scholar10_2_ 
        from
            person student0_ 
        where
            student0_.dtype='Student' 
            and student0_.username=?
Hibernate: 
    /* SELECT
        s 
    FROM
        Section s 
    Where
        s.title=:title */ select
            section0_.id as id2_0_,
            section0_.author_id as author_i6_0_,
            section0_.label as label3_0_,
            section0_.course_id as course_i7_0_,
            section0_.seats as seats4_0_,
            section0_.title as title5_0_ 
        from
            course section0_ 
        where
            section0_.dtype='Section' 
            and section0_.title=?
Hibernate: 
    /* SELECT
        s 
    FROM
        Section s 
    Where
        s.title=:title */ select
            section0_.id as id2_0_,
            section0_.author_id as author_i6_0_,
            section0_.label as label3_0_,
            section0_.course_id as course_i7_0_,
            section0_.seats as seats4_0_,
            section0_.title as title5_0_ 
        from
            course section0_ 
        where
            section0_.dtype='Section' 
            and section0_.title=?
Hibernate: 
    /* SELECT
        s 
    FROM
        Section s 
    Where
        s.title=:title */ select
            section0_.id as id2_0_,
            section0_.author_id as author_i6_0_,
            section0_.label as label3_0_,
            section0_.course_id as course_i7_0_,
            section0_.seats as seats4_0_,
            section0_.title as title5_0_ 
        from
            course section0_ 
        where
            section0_.dtype='Section' 
            and section0_.title=?
]]></system-out>
  </testcase>
</testsuite>